[2018-10-24T20:59:36.184][ERROR  3544  default] /api/article/list {} TypeError: #<Promise> is not iterable
    at Function.all (<anonymous>)
    at Object.getArticle (D:\vscode_daima\blog\server\service\pc\index.js:6:30)
    at articleList (D:\vscode_daima\blog\server\controller\pc\index.js:10:31)
    at dispatch (D:\vscode_daima\blog\node_modules\koa-router\node_modules\koa-compose\index.js:44:32)
    at next (D:\vscode_daima\blog\node_modules\koa-router\node_modules\koa-compose\index.js:45:18)
    at D:\vscode_daima\blog\node_modules\koa-router\lib\router.js:346:16
    at dispatch (D:\vscode_daima\blog\node_modules\koa-router\node_modules\koa-compose\index.js:44:32)
    at D:\vscode_daima\blog\node_modules\koa-router\node_modules\koa-compose\index.js:36:12
    at dispatch (D:\vscode_daima\blog\node_modules\koa-router\lib\router.js:351:31)
    at dispatch (D:\vscode_daima\blog\node_modules\koa-compose\index.js:42:32)
    at dispatch (D:\vscode_daima\blog\node_modules\koa-router\lib\router.js:332:32)
    at dispatch (D:\vscode_daima\blog\node_modules\koa-compose\index.js:42:32)
    at log (D:\vscode_daima\blog\server\middleware\log.js:12:9)
    at dispatch (D:\vscode_daima\blog\node_modules\koa-compose\index.js:42:32)
    at D:\vscode_daima\blog\node_modules\koa-body\index.js:110:14
    at process._tickCallback (internal/process/next_tick.js:68:7)
[2018-10-24T21:03:40.149][ERROR  12028  default] /api/article/list {} { Error: ER_PARSE_ERROR: You have an error in your SQL syntax; check the manual that corresponds to your MySQL server version for the right syntax to use near ''artical'' at line 1
    at Query.Sequence._packetToError (D:\vscode_daima\blog\node_modules\mysql\lib\protocol\sequences\Sequence.js:47:14)
    at Query.ErrorPacket (D:\vscode_daima\blog\node_modules\mysql\lib\protocol\sequences\Query.js:77:18)
    at Protocol._parsePacket (D:\vscode_daima\blog\node_modules\mysql\lib\protocol\Protocol.js:278:23)
    at Parser.write (D:\vscode_daima\blog\node_modules\mysql\lib\protocol\Parser.js:76:12)
    at Protocol.write (D:\vscode_daima\blog\node_modules\mysql\lib\protocol\Protocol.js:38:16)
    at Socket.<anonymous> (D:\vscode_daima\blog\node_modules\mysql\lib\Connection.js:91:28)
    at Socket.<anonymous> (D:\vscode_daima\blog\node_modules\mysql\lib\Connection.js:502:10)
    at Socket.emit (events.js:182:13)
    at addChunk (_stream_readable.js:283:12)
    at readableAddChunk (_stream_readable.js:264:11)
    at Socket.Readable.push (_stream_readable.js:219:10)
    at TCP.onread (net.js:639:20)
    --------------------
    at Protocol._enqueue (D:\vscode_daima\blog\node_modules\mysql\lib\protocol\Protocol.js:144:48)
    at PoolConnection.query (D:\vscode_daima\blog\node_modules\mysql\lib\Connection.js:200:25)
    at pool.getConnection (D:\vscode_daima\blog\server\db\index.js:11:20)
    at Handshake.onConnect (D:\vscode_daima\blog\node_modules\mysql\lib\Pool.js:64:7)
    at Handshake.<anonymous> (D:\vscode_daima\blog\node_modules\mysql\lib\Connection.js:502:10)
    at Handshake._callback (D:\vscode_daima\blog\node_modules\mysql\lib\Connection.js:468:16)
    at Handshake.Sequence.end (D:\vscode_daima\blog\node_modules\mysql\lib\protocol\sequences\Sequence.js:83:24)
    at Handshake.Sequence.OkPacket (D:\vscode_daima\blog\node_modules\mysql\lib\protocol\sequences\Sequence.js:92:8)
    at Protocol._parsePacket (D:\vscode_daima\blog\node_modules\mysql\lib\protocol\Protocol.js:278:23)
    at Parser.write (D:\vscode_daima\blog\node_modules\mysql\lib\protocol\Parser.js:76:12)
    at Protocol.write (D:\vscode_daima\blog\node_modules\mysql\lib\protocol\Protocol.js:38:16)
    at Socket.<anonymous> (D:\vscode_daima\blog\node_modules\mysql\lib\Connection.js:91:28)
    at Socket.<anonymous> (D:\vscode_daima\blog\node_modules\mysql\lib\Connection.js:502:10)
    at Socket.emit (events.js:182:13)
    at addChunk (_stream_readable.js:283:12)
    at readableAddChunk (_stream_readable.js:264:11)
  code: 'ER_PARSE_ERROR',
  errno: 1064,
  sqlMessage:
   'You have an error in your SQL syntax; check the manual that corresponds to your MySQL server version for the right syntax to use near \'\'artical\'\' at line 1',
  sqlState: '42000',
  index: 0,
  sql: 'SELECT * FROM \'artical\'' }
[2018-10-24T21:06:29.437][ERROR  12028  default] /api/article/list {} { Error: ER_PARSE_ERROR: You have an error in your SQL syntax; check the manual that corresponds to your MySQL server version for the right syntax to use near ''artical'' at line 1
    at Query.Sequence._packetToError (D:\vscode_daima\blog\node_modules\mysql\lib\protocol\sequences\Sequence.js:47:14)
    at Query.ErrorPacket (D:\vscode_daima\blog\node_modules\mysql\lib\protocol\sequences\Query.js:77:18)
    at Protocol._parsePacket (D:\vscode_daima\blog\node_modules\mysql\lib\protocol\Protocol.js:278:23)
    at Parser.write (D:\vscode_daima\blog\node_modules\mysql\lib\protocol\Parser.js:76:12)
    at Protocol.write (D:\vscode_daima\blog\node_modules\mysql\lib\protocol\Protocol.js:38:16)
    at Socket.<anonymous> (D:\vscode_daima\blog\node_modules\mysql\lib\Connection.js:91:28)
    at Socket.<anonymous> (D:\vscode_daima\blog\node_modules\mysql\lib\Connection.js:502:10)
    at Socket.emit (events.js:182:13)
    at addChunk (_stream_readable.js:283:12)
    at readableAddChunk (_stream_readable.js:264:11)
    at Socket.Readable.push (_stream_readable.js:219:10)
    at TCP.onread (net.js:639:20)
    --------------------
    at Protocol._enqueue (D:\vscode_daima\blog\node_modules\mysql\lib\protocol\Protocol.js:144:48)
    at PoolConnection.query (D:\vscode_daima\blog\node_modules\mysql\lib\Connection.js:200:25)
    at pool.getConnection (D:\vscode_daima\blog\server\db\index.js:11:20)
    at Ping.onOperationComplete (D:\vscode_daima\blog\node_modules\mysql\lib\Pool.js:110:5)
    at Ping.<anonymous> (D:\vscode_daima\blog\node_modules\mysql\lib\Connection.js:502:10)
    at Ping._callback (D:\vscode_daima\blog\node_modules\mysql\lib\Connection.js:468:16)
    at Ping.Sequence.end (D:\vscode_daima\blog\node_modules\mysql\lib\protocol\sequences\Sequence.js:83:24)
    at Ping.Sequence.OkPacket (D:\vscode_daima\blog\node_modules\mysql\lib\protocol\sequences\Sequence.js:92:8)
    at Protocol._parsePacket (D:\vscode_daima\blog\node_modules\mysql\lib\protocol\Protocol.js:278:23)
    at Parser.write (D:\vscode_daima\blog\node_modules\mysql\lib\protocol\Parser.js:76:12)
    at Protocol.write (D:\vscode_daima\blog\node_modules\mysql\lib\protocol\Protocol.js:38:16)
    at Socket.<anonymous> (D:\vscode_daima\blog\node_modules\mysql\lib\Connection.js:91:28)
    at Socket.<anonymous> (D:\vscode_daima\blog\node_modules\mysql\lib\Connection.js:502:10)
    at Socket.emit (events.js:182:13)
    at addChunk (_stream_readable.js:283:12)
    at readableAddChunk (_stream_readable.js:264:11)
  code: 'ER_PARSE_ERROR',
  errno: 1064,
  sqlMessage:
   'You have an error in your SQL syntax; check the manual that corresponds to your MySQL server version for the right syntax to use near \'\'artical\'\' at line 1',
  sqlState: '42000',
  index: 0,
  sql: 'SELECT * FROM \'artical\'' }
